<?xml version="1.0" encoding="UTF-8"?>
<testng-results skipped="0" failed="0" ignored="0" total="1" passed="1">
  <reporter-output>
  </reporter-output>
  <suite name="Default suite" duration-ms="9012" started-at="2021-12-24T02:08:10 IST" finished-at="2021-12-24T02:08:19 IST">
    <groups>
    </groups>
    <test name="Default test" duration-ms="9012" started-at="2021-12-24T02:08:10 IST" finished-at="2021-12-24T02:08:19 IST">
      <class name="pac1.Program1">
        <test-method status="PASS" signature="LaunchanClicks()[pri:0, instance:pac1.Program1@cb51256]" name="LaunchanClicks" duration-ms="8969" started-at="2021-12-24T02:08:10 IST" finished-at="2021-12-24T02:08:19 IST">
          <reporter-output>
          </reporter-output>
        </test-method> <!-- LaunchanClicks -->
      </class> <!-- pac1.Program1 -->
    </test> <!-- Default test -->
  </suite> <!-- Default suite -->
</testng-results>
